<?xml version="1.0" encoding="UTF-8"?>
<!-- Generated by org.testng.reporters.JUnitReportReporter -->
<testsuite skipped="0" hostname="dell-PC" name="org.lennox.testcase.proposal.CreateProposal" tests="1" failures="0" timestamp="10 Jan 2021 13:21:17 GMT" time="51.565" errors="0">
  <testcase name="buildProposalFlow" time="51.565" classname="org.lennox.testcase.proposal.CreateProposal"/>
</testsuite> <!-- org.lennox.testcase.proposal.CreateProposal -->
